2021-12-04 16:43:45,157:INFO:PyCaret Supervised Module
2021-12-04 16:43:45,158:INFO:ML Usecase: anomaly
2021-12-04 16:43:45,159:INFO:version 2.3.5
2021-12-04 16:43:45,160:INFO:Initializing setup()
2021-12-04 16:43:45,161:INFO:setup(target=None, ml_usecase=anomaly, available_plots={'tsne': 'Anomaly TSnE (3d)', 'umap': 'UMAP Dimensionality'}, train_size=0.7, test_data=None, preprocess=True, imputation_type=simple, iterative_imputation_iters=5, categorical_features=None, categorical_imputation=mode, categorical_iterative_imputer=lightgbm, ordinal_features=None, high_cardinality_features=None, high_cardinality_method=frequency, numeric_features=None, numeric_imputation=mean, numeric_iterative_imputer=lightgbm, date_features=None, ignore_features=None, normalize=False, normalize_method=zscore, transformation=False, transformation_method=yeo-johnson, handle_unknown_categorical=True, unknown_categorical_method=least_frequent, pca=False, pca_method=linear, pca_components=None, ignore_low_variance=False, combine_rare_levels=False, rare_level_threshold=0.1, bin_numeric_features=None, remove_outliers=False, outliers_threshold=0.05, remove_multicollinearity=False, multicollinearity_threshold=0.9, remove_perfect_collinearity=False, create_clusters=False, cluster_iter=20, polynomial_features=False, polynomial_degree=2, trigonometry_features=False, polynomial_threshold=0.1, group_features=None, group_names=None, feature_selection=False, feature_selection_threshold=0.8, feature_selection_method=classic, feature_interaction=False, feature_ratio=False, interaction_threshold=0.01, fix_imbalance=False, fix_imbalance_method=None, transform_target=False, transform_target_method=box-cox, data_split_shuffle=False, data_split_stratify=False, fold_strategy=kfold, fold=10, fold_shuffle=False, fold_groups=None, n_jobs=-1, use_gpu=False, custom_pipeline=None, html=True, session_id=123, log_experiment=False, experiment_name=None, log_plots=False, log_profile=False, log_data=False, silent=False, verbose=True, profile=False, profile_kwargs=None, display=None)
2021-12-04 16:43:45,161:INFO:Checking environment
2021-12-04 16:43:45,161:INFO:python_version: 3.8.12
2021-12-04 16:43:45,161:INFO:python_build: ('default', 'Oct 12 2021 03:01:40')
2021-12-04 16:43:45,162:INFO:machine: AMD64
2021-12-04 16:43:45,162:INFO:platform: Windows-10-10.0.19041-SP0
2021-12-04 16:43:45,163:INFO:Memory: svmem(total=8502890496, available=1593556992, percent=81.3, used=6909333504, free=1593556992)
2021-12-04 16:43:45,163:INFO:Physical Core: 4
2021-12-04 16:43:45,164:INFO:Logical Core: 8
2021-12-04 16:43:45,164:INFO:Checking libraries
2021-12-04 16:43:45,164:INFO:pd==1.3.4
2021-12-04 16:43:45,164:INFO:numpy==1.19.5
2021-12-04 16:43:45,164:INFO:sklearn==0.23.2
2021-12-04 16:43:45,164:INFO:lightgbm==3.3.1
2021-12-04 16:43:45,165:WARNING:catboost not found
2021-12-04 16:43:45,172:WARNING:xgboost not found
2021-12-04 16:43:53,445:INFO:mlflow==1.22.0
2021-12-04 16:43:53,446:INFO:Checking Exceptions
2021-12-04 16:43:53,446:INFO:Declaring global variables
2021-12-04 16:43:53,446:INFO:USI: a195
2021-12-04 16:43:53,446:INFO:pycaret_globals: {'imputation_regressor', '_ml_usecase', 'html_param', 'fold_param', 'prep_pipe', 'iterative_imputation_iters_param', 'fix_imbalance_method_param', 'fold_generator', 'imputation_classifier', '_all_models', '_internal_pipeline', 'data_before_preprocess', 'pycaret_globals', 'fold_groups_param', 'transform_target_method_param', 'transform_target_param', 'experiment__', 'fix_imbalance_param', 'X', '_available_plots', 'create_model_container', 'master_model_container', 'fold_shuffle_param', 'exp_name_log', '_gpu_n_jobs_param', 'USI', 'gpu_param', 'log_plots_param', 'stratify_param', 'target_param', 'n_jobs_param', '_all_metrics', 'seed', 'display_container', '_all_models_internal', 'logging_param', 'fold_groups_param_full'}
2021-12-04 16:43:53,446:INFO:Preparing display monitor
2021-12-04 16:43:53,446:INFO:Preparing display monitor
2021-12-04 16:43:53,459:INFO:Importing libraries
2021-12-04 16:43:53,459:INFO:Copying data for preprocessing
2021-12-04 16:43:53,465:INFO:Declaring preprocessing parameters
2021-12-04 16:43:53,466:INFO:Creating preprocessing pipeline
2021-12-04 16:43:53,478:INFO:Preprocessing pipeline created successfully
2021-12-04 16:43:53,478:ERROR:(Process Exit): setup has been interupted with user command 'quit'. setup must rerun.
2021-12-04 16:43:53,478:INFO:Creating global containers
2021-12-04 16:43:53,524:INFO:Internal pipeline: Pipeline(memory=None, steps=[('empty_step', 'passthrough')], verbose=False)
2021-12-04 16:44:21,058:INFO:Creating grid variables
2021-12-04 16:44:21,058:INFO:create_model_container: 0
2021-12-04 16:44:21,066:INFO:master_model_container: 0
2021-12-04 16:44:21,066:INFO:display_container: 1
2021-12-04 16:44:21,089:INFO:Pipeline(memory=None,
         steps=[('dtypes',
                 DataTypes_Auto_infer(categorical_features=[],
                                      display_types=True, features_todrop=[],
                                      id_columns=[], ml_usecase='regression',
                                      numerical_features=[],
                                      target='UNSUPERVISED_DUMMY_TARGET',
                                      time_features=[])),
                ('imputer',
                 Simple_Imputer(categorical_strategy='most frequent',
                                fill_value_categorical=None,
                                fill_value_numerical=None...
                ('scaling', 'passthrough'), ('P_transform', 'passthrough'),
                ('binn', 'passthrough'), ('rem_outliers', 'passthrough'),
                ('cluster_all', 'passthrough'),
                ('dummy', Dummify(target='UNSUPERVISED_DUMMY_TARGET')),
                ('fix_perfect', 'passthrough'),
                ('clean_names', Clean_Colum_Names()),
                ('feature_select', 'passthrough'), ('fix_multi', 'passthrough'),
                ('dfs', 'passthrough'), ('pca', 'passthrough')],
         verbose=False)
2021-12-04 16:44:21,089:INFO:setup() succesfully completed......................................
2021-12-04 16:48:28,370:INFO:Initializing create_model()
2021-12-04 16:48:28,370:INFO:create_model(estimator=iforest, num_clusters=4, fraction=0.1, ground_truth=None, round=4, fit_kwargs=None, verbose=True, system=True, add_to_model_list=True, raise_num_clusters=False, display=None, kwargs={})
2021-12-04 16:48:28,370:INFO:Checking exceptions
2021-12-04 16:48:28,372:INFO:Preparing display monitor
2021-12-04 16:48:28,405:INFO:Importing libraries
2021-12-04 16:48:28,432:INFO:Importing untrained model
2021-12-04 16:48:28,453:INFO:Isolation Forest Imported succesfully
2021-12-04 16:48:28,472:INFO:Fitting Model
2021-12-04 16:48:30,657:INFO:IForest(behaviour='new', bootstrap=False, contamination=0.1, max_features=1.0,
    max_samples='auto', n_estimators=100, n_jobs=-1, random_state=123,
    verbose=0)
2021-12-04 16:48:30,657:INFO:create_models() succesfully completed......................................
2021-12-04 16:48:30,657:INFO:Uploading results into container
2021-12-04 16:48:30,658:INFO:Uploading model into container now
2021-12-04 16:48:30,658:INFO:create_model_container: 1
2021-12-04 16:48:30,659:INFO:master_model_container: 1
2021-12-04 16:48:30,659:INFO:display_container: 2
2021-12-04 16:48:30,659:INFO:IForest(behaviour='new', bootstrap=False, contamination=0.1, max_features=1.0,
    max_samples='auto', n_estimators=100, n_jobs=-1, random_state=123,
    verbose=0)
2021-12-04 16:48:30,660:INFO:create_model() succesfully completed......................................
2021-12-04 16:48:30,841:INFO:Initializing assign_model()
2021-12-04 16:48:30,842:INFO:assign_model(model=IForest(behaviour='new', bootstrap=False, contamination=0.1, max_features=1.0,
    max_samples='auto', n_estimators=100, n_jobs=-1, random_state=123,
    verbose=0), transformation=False, score=True, verbose=True)
2021-12-04 16:48:30,842:INFO:Checking exceptions
2021-12-04 16:48:30,842:INFO:Determining Trained Model
2021-12-04 16:48:30,843:INFO:Trained Model : Isolation Forest
2021-12-04 16:48:30,844:INFO:Copying data
2021-12-04 16:48:30,848:INFO:(5160, 9)
2021-12-04 16:48:30,848:INFO:assign_model() succesfully completed......................................
2021-12-04 16:53:50,314:INFO:PyCaret Supervised Module
2021-12-04 16:53:50,319:INFO:ML Usecase: anomaly
2021-12-04 16:53:50,320:INFO:version 2.3.5
2021-12-04 16:53:50,320:INFO:Initializing setup()
2021-12-04 16:53:50,320:INFO:setup(target=None, ml_usecase=anomaly, available_plots={'tsne': 'Anomaly TSnE (3d)', 'umap': 'UMAP Dimensionality'}, train_size=0.7, test_data=None, preprocess=True, imputation_type=simple, iterative_imputation_iters=5, categorical_features=None, categorical_imputation=mode, categorical_iterative_imputer=lightgbm, ordinal_features=None, high_cardinality_features=None, high_cardinality_method=frequency, numeric_features=None, numeric_imputation=mean, numeric_iterative_imputer=lightgbm, date_features=None, ignore_features=None, normalize=False, normalize_method=zscore, transformation=False, transformation_method=yeo-johnson, handle_unknown_categorical=True, unknown_categorical_method=least_frequent, pca=False, pca_method=linear, pca_components=None, ignore_low_variance=False, combine_rare_levels=False, rare_level_threshold=0.1, bin_numeric_features=None, remove_outliers=False, outliers_threshold=0.05, remove_multicollinearity=False, multicollinearity_threshold=0.9, remove_perfect_collinearity=False, create_clusters=False, cluster_iter=20, polynomial_features=False, polynomial_degree=2, trigonometry_features=False, polynomial_threshold=0.1, group_features=None, group_names=None, feature_selection=False, feature_selection_threshold=0.8, feature_selection_method=classic, feature_interaction=False, feature_ratio=False, interaction_threshold=0.01, fix_imbalance=False, fix_imbalance_method=None, transform_target=False, transform_target_method=box-cox, data_split_shuffle=False, data_split_stratify=False, fold_strategy=kfold, fold=10, fold_shuffle=False, fold_groups=None, n_jobs=-1, use_gpu=False, custom_pipeline=None, html=True, session_id=123, log_experiment=False, experiment_name=None, log_plots=False, log_profile=False, log_data=False, silent=False, verbose=True, profile=False, profile_kwargs=None, display=None)
2021-12-04 16:53:50,321:INFO:Checking environment
2021-12-04 16:53:50,321:INFO:python_version: 3.8.12
2021-12-04 16:53:50,321:INFO:python_build: ('default', 'Oct 12 2021 03:01:40')
2021-12-04 16:53:50,321:INFO:machine: AMD64
2021-12-04 16:53:50,448:INFO:platform: Windows-10-10.0.19042-SP0
2021-12-04 16:53:50,448:INFO:Memory: svmem(total=8502890496, available=1424961536, percent=83.2, used=7077928960, free=1424961536)
2021-12-04 16:53:50,448:INFO:Physical Core: 4
2021-12-04 16:53:50,448:INFO:Logical Core: 8
2021-12-04 16:53:50,449:INFO:Checking libraries
2021-12-04 16:53:50,449:INFO:pd==1.3.4
2021-12-04 16:53:50,449:INFO:numpy==1.19.5
2021-12-04 16:53:50,449:INFO:sklearn==0.23.2
2021-12-04 16:53:50,449:INFO:lightgbm==3.3.1
2021-12-04 16:53:50,453:WARNING:catboost not found
2021-12-04 16:53:50,459:WARNING:xgboost not found
2021-12-04 16:53:51,940:INFO:mlflow==1.22.0
2021-12-04 16:53:51,940:INFO:Checking Exceptions
2021-12-04 16:53:51,940:INFO:Declaring global variables
2021-12-04 16:53:51,940:INFO:USI: be60
2021-12-04 16:53:51,940:INFO:pycaret_globals: {'_all_models', '_ml_usecase', 'fold_generator', 'fold_groups_param_full', 'fix_imbalance_param', 'fold_param', '_all_metrics', 'experiment__', 'iterative_imputation_iters_param', 'fix_imbalance_method_param', 'data_before_preprocess', 'create_model_container', '_gpu_n_jobs_param', 'imputation_classifier', '_internal_pipeline', '_available_plots', 'fold_groups_param', 'gpu_param', 'USI', 'exp_name_log', 'stratify_param', 'pycaret_globals', 'target_param', 'log_plots_param', 'prep_pipe', 'X', 'n_jobs_param', 'logging_param', 'display_container', 'html_param', '_all_models_internal', 'seed', 'master_model_container', 'fold_shuffle_param', 'imputation_regressor', 'transform_target_method_param', 'transform_target_param'}
2021-12-04 16:53:51,940:INFO:Preparing display monitor
2021-12-04 16:53:51,940:INFO:Preparing display monitor
2021-12-04 16:53:51,957:INFO:Importing libraries
2021-12-04 16:53:51,957:INFO:Copying data for preprocessing
2021-12-04 16:53:51,966:INFO:Declaring preprocessing parameters
2021-12-04 16:53:51,970:INFO:Creating preprocessing pipeline
2021-12-04 16:53:51,989:INFO:Preprocessing pipeline created successfully
2021-12-04 16:53:51,989:ERROR:(Process Exit): setup has been interupted with user command 'quit'. setup must rerun.
2021-12-04 16:53:51,989:INFO:Creating global containers
2021-12-04 16:53:51,994:INFO:Internal pipeline: Pipeline(memory=None, steps=[('empty_step', 'passthrough')], verbose=False)
2021-12-04 17:13:12,198:INFO:PyCaret Supervised Module
2021-12-04 17:13:12,203:INFO:ML Usecase: anomaly
2021-12-04 17:13:12,203:INFO:version 2.3.5
2021-12-04 17:13:12,204:INFO:Initializing setup()
2021-12-04 17:13:12,204:INFO:setup(target=None, ml_usecase=anomaly, available_plots={'tsne': 'Anomaly TSnE (3d)', 'umap': 'UMAP Dimensionality'}, train_size=0.7, test_data=None, preprocess=True, imputation_type=simple, iterative_imputation_iters=5, categorical_features=None, categorical_imputation=mode, categorical_iterative_imputer=lightgbm, ordinal_features=None, high_cardinality_features=None, high_cardinality_method=frequency, numeric_features=None, numeric_imputation=mean, numeric_iterative_imputer=lightgbm, date_features=None, ignore_features=None, normalize=False, normalize_method=zscore, transformation=False, transformation_method=yeo-johnson, handle_unknown_categorical=True, unknown_categorical_method=least_frequent, pca=False, pca_method=linear, pca_components=None, ignore_low_variance=False, combine_rare_levels=False, rare_level_threshold=0.1, bin_numeric_features=None, remove_outliers=False, outliers_threshold=0.05, remove_multicollinearity=False, multicollinearity_threshold=0.9, remove_perfect_collinearity=False, create_clusters=False, cluster_iter=20, polynomial_features=False, polynomial_degree=2, trigonometry_features=False, polynomial_threshold=0.1, group_features=None, group_names=None, feature_selection=False, feature_selection_threshold=0.8, feature_selection_method=classic, feature_interaction=False, feature_ratio=False, interaction_threshold=0.01, fix_imbalance=False, fix_imbalance_method=None, transform_target=False, transform_target_method=box-cox, data_split_shuffle=False, data_split_stratify=False, fold_strategy=kfold, fold=10, fold_shuffle=False, fold_groups=None, n_jobs=-1, use_gpu=False, custom_pipeline=None, html=True, session_id=123, log_experiment=False, experiment_name=None, log_plots=False, log_profile=False, log_data=False, silent=False, verbose=True, profile=False, profile_kwargs=None, display=None)
2021-12-04 17:13:12,204:INFO:Checking environment
2021-12-04 17:13:12,204:INFO:python_version: 3.8.12
2021-12-04 17:13:12,204:INFO:python_build: ('default', 'Oct 12 2021 03:01:40')
2021-12-04 17:13:12,204:INFO:machine: AMD64
2021-12-04 17:13:12,290:INFO:platform: Windows-10-10.0.19042-SP0
2021-12-04 17:13:12,290:INFO:Memory: svmem(total=8502890496, available=1262153728, percent=85.2, used=7240736768, free=1262153728)
2021-12-04 17:13:12,290:INFO:Physical Core: 4
2021-12-04 17:13:12,290:INFO:Logical Core: 8
2021-12-04 17:13:12,290:INFO:Checking libraries
2021-12-04 17:13:12,290:INFO:pd==1.3.4
2021-12-04 17:13:12,290:INFO:numpy==1.19.5
2021-12-04 17:13:12,290:INFO:sklearn==0.23.2
2021-12-04 17:13:12,291:INFO:lightgbm==3.3.1
2021-12-04 17:13:12,294:WARNING:catboost not found
2021-12-04 17:13:12,296:WARNING:xgboost not found
2021-12-04 17:13:13,826:INFO:mlflow==1.22.0
2021-12-04 17:13:13,830:INFO:Checking Exceptions
2021-12-04 17:13:13,830:INFO:Declaring global variables
2021-12-04 17:13:13,830:INFO:USI: 67cc
2021-12-04 17:13:13,830:INFO:pycaret_globals: {'logging_param', '_all_models_internal', 'data_before_preprocess', 'X', '_ml_usecase', 'imputation_regressor', 'fix_imbalance_method_param', 'iterative_imputation_iters_param', 'html_param', 'display_container', 'fold_generator', '_gpu_n_jobs_param', '_all_models', 'USI', 'prep_pipe', 'fold_groups_param', 'transform_target_method_param', 'target_param', 'log_plots_param', 'fix_imbalance_param', '_all_metrics', 'pycaret_globals', 'fold_shuffle_param', 'exp_name_log', 'create_model_container', 'imputation_classifier', 'transform_target_param', 'gpu_param', '_available_plots', 'experiment__', 'master_model_container', 'stratify_param', 'fold_groups_param_full', 'fold_param', 'n_jobs_param', '_internal_pipeline', 'seed'}
2021-12-04 17:13:13,830:INFO:Preparing display monitor
2021-12-04 17:13:13,830:INFO:Preparing display monitor
2021-12-04 17:13:13,842:INFO:Importing libraries
2021-12-04 17:13:13,842:INFO:Copying data for preprocessing
2021-12-04 17:13:13,846:INFO:Declaring preprocessing parameters
2021-12-04 17:13:13,850:INFO:Creating preprocessing pipeline
2021-12-04 17:13:13,863:INFO:Preprocessing pipeline created successfully
2021-12-04 17:13:13,863:ERROR:(Process Exit): setup has been interupted with user command 'quit'. setup must rerun.
2021-12-04 17:13:13,863:INFO:Creating global containers
2021-12-04 17:13:13,865:INFO:Internal pipeline: Pipeline(memory=None, steps=[('empty_step', 'passthrough')], verbose=False)
2021-12-04 17:16:22,973:INFO:PyCaret Supervised Module
2021-12-04 17:16:22,974:INFO:ML Usecase: anomaly
2021-12-04 17:16:22,974:INFO:version 2.3.5
2021-12-04 17:16:22,974:INFO:Initializing setup()
2021-12-04 17:16:22,974:INFO:setup(target=None, ml_usecase=anomaly, available_plots={'tsne': 'Anomaly TSnE (3d)', 'umap': 'UMAP Dimensionality'}, train_size=0.7, test_data=None, preprocess=True, imputation_type=simple, iterative_imputation_iters=5, categorical_features=None, categorical_imputation=mode, categorical_iterative_imputer=lightgbm, ordinal_features=None, high_cardinality_features=None, high_cardinality_method=frequency, numeric_features=None, numeric_imputation=mean, numeric_iterative_imputer=lightgbm, date_features=None, ignore_features=None, normalize=False, normalize_method=zscore, transformation=False, transformation_method=yeo-johnson, handle_unknown_categorical=True, unknown_categorical_method=least_frequent, pca=False, pca_method=linear, pca_components=None, ignore_low_variance=False, combine_rare_levels=False, rare_level_threshold=0.1, bin_numeric_features=None, remove_outliers=False, outliers_threshold=0.05, remove_multicollinearity=False, multicollinearity_threshold=0.9, remove_perfect_collinearity=False, create_clusters=False, cluster_iter=20, polynomial_features=False, polynomial_degree=2, trigonometry_features=False, polynomial_threshold=0.1, group_features=None, group_names=None, feature_selection=False, feature_selection_threshold=0.8, feature_selection_method=classic, feature_interaction=False, feature_ratio=False, interaction_threshold=0.01, fix_imbalance=False, fix_imbalance_method=None, transform_target=False, transform_target_method=box-cox, data_split_shuffle=False, data_split_stratify=False, fold_strategy=kfold, fold=10, fold_shuffle=False, fold_groups=None, n_jobs=-1, use_gpu=False, custom_pipeline=None, html=True, session_id=123, log_experiment=False, experiment_name=None, log_plots=False, log_profile=False, log_data=False, silent=False, verbose=True, profile=False, profile_kwargs=None, display=None)
2021-12-04 17:16:22,974:INFO:Checking environment
2021-12-04 17:16:22,974:INFO:python_version: 3.8.12
2021-12-04 17:16:22,974:INFO:python_build: ('default', 'Oct 12 2021 03:01:40')
2021-12-04 17:16:22,974:INFO:machine: AMD64
2021-12-04 17:16:23,056:INFO:platform: Windows-10-10.0.19042-SP0
2021-12-04 17:16:23,056:INFO:Memory: svmem(total=8502890496, available=1806897152, percent=78.7, used=6695993344, free=1806897152)
2021-12-04 17:16:23,057:INFO:Physical Core: 4
2021-12-04 17:16:23,057:INFO:Logical Core: 8
2021-12-04 17:16:23,057:INFO:Checking libraries
2021-12-04 17:16:23,057:INFO:pd==1.3.4
2021-12-04 17:16:23,057:INFO:numpy==1.19.5
2021-12-04 17:16:23,058:INFO:sklearn==0.23.2
2021-12-04 17:16:23,058:INFO:lightgbm==3.3.1
2021-12-04 17:16:23,063:WARNING:catboost not found
2021-12-04 17:16:23,065:WARNING:xgboost not found
2021-12-04 17:16:24,138:INFO:mlflow==1.22.0
2021-12-04 17:16:24,138:INFO:Checking Exceptions
2021-12-04 17:16:24,138:INFO:Declaring global variables
2021-12-04 17:16:24,138:INFO:USI: 75fa
2021-12-04 17:16:24,139:INFO:pycaret_globals: {'fold_param', 'n_jobs_param', 'data_before_preprocess', 'create_model_container', 'transform_target_method_param', 'logging_param', 'html_param', 'master_model_container', 'pycaret_globals', 'USI', 'exp_name_log', 'seed', '_ml_usecase', '_gpu_n_jobs_param', '_all_metrics', 'imputation_regressor', 'fix_imbalance_method_param', 'fold_groups_param', 'experiment__', '_internal_pipeline', 'gpu_param', 'stratify_param', 'fold_shuffle_param', '_available_plots', 'fix_imbalance_param', '_all_models', '_all_models_internal', 'log_plots_param', 'fold_generator', 'prep_pipe', 'iterative_imputation_iters_param', 'transform_target_param', 'X', 'target_param', 'display_container', 'fold_groups_param_full', 'imputation_classifier'}
2021-12-04 17:16:24,139:INFO:Preparing display monitor
2021-12-04 17:16:24,139:INFO:Preparing display monitor
2021-12-04 17:16:24,147:INFO:Importing libraries
2021-12-04 17:16:24,147:INFO:Copying data for preprocessing
2021-12-04 17:16:24,156:INFO:Declaring preprocessing parameters
2021-12-04 17:16:24,162:INFO:Creating preprocessing pipeline
2021-12-04 17:16:24,183:INFO:Preprocessing pipeline created successfully
2021-12-04 17:16:24,183:ERROR:(Process Exit): setup has been interupted with user command 'quit'. setup must rerun.
2021-12-04 17:16:24,183:INFO:Creating global containers
2021-12-04 17:16:24,183:INFO:Internal pipeline: Pipeline(memory=None, steps=[('empty_step', 'passthrough')], verbose=False)
